2026-03-16 17:01:53 INFO [demo] ProjectServiceImpl - Created project [demo - New project](16485)
2026-03-16 17:01:53 INFO [demo] ProjectServiceImpl - Granted permission [ANNOTATOR] for user demo on project [demo - New project](16485)
2026-03-16 17:01:53 INFO [demo] ProjectServiceImpl - Granted permission [MANAGER] for user demo on project [demo - New project](16485)
2026-03-16 17:01:53 INFO [demo] ProjectServiceImpl - Granted permission [CURATOR] for user demo on project [demo - New project](16485)
2026-03-16 17:01:53 INFO [demo] AnnotationSchemaServiceImpl - Created tagset [Named entity - value](70675) in project [demo - New project](16485)
2026-03-16 17:01:53 INFO [demo] AnnotationSchemaServiceImpl - Created 8 tags and updated 0 tags in tagset [Named entity - value](70675) in project [demo - New project](16485)
2026-03-16 17:01:53 INFO [demo] AnnotationSchemaServiceImpl - Updated tagset [Named entity example tags](70675) in project [demo - New project](16485)
2026-03-16 17:01:53 INFO [demo] AnnotationSchemaServiceImpl - Created layer [de.tudarmstadt.ukp.dkpro.core.api.segmentation.type.Token](121680) in project [demo - New project](16485)
2026-03-16 17:01:53 INFO [demo] AnnotationSchemaServiceImpl - Created tagset [Named Entity tags](70676) in project [demo - New project](16485)
2026-03-16 17:01:53 INFO [demo] AnnotationSchemaServiceImpl - Created 12 tags and updated 0 tags in tagset [Named Entity tags](70676) in project [demo - New project](16485)
2026-03-16 17:01:53 INFO [demo] AnnotationSchemaServiceImpl - Created layer [de.tudarmstadt.ukp.dkpro.core.api.ner.type.NamedEntity](121681) in project [demo - New project](16485)
2026-03-16 17:01:53 INFO [demo] AnnotationSchemaServiceImpl - Created feature [value](174626) in project [demo - New project](16485)
2026-03-16 17:01:53 INFO [demo] AnnotationSchemaServiceImpl - Created feature [identifier](174627) in project [demo - New project](16485)
2026-03-16 17:01:53 INFO [demo] AnnotationSchemaServiceImpl - Updated feature [identifier](174627) in project [demo - New entity annotation project](16485)
2026-03-16 17:01:53 INFO [demo] AnnotationSchemaServiceImpl - Updated feature [value](174626) in project [demo - New entity annotation project](16485)
2026-03-16 17:01:53 INFO [demo] UimaJsonCasReader - Scanning [file:/export/repository/project/16485/document/61084/source/]
2026-03-16 17:01:53 INFO [demo] UimaJsonCasReader - Found [1] resources to be read
2026-03-16 17:01:53 INFO [demo] UimaJsonCasReader - 0 of 1: file:/export/repository/project/16485/document/61084/source/foodista_blog_2019_08_13_northern-british-columbia_abbreviated.json
2026-03-16 17:01:53 INFO [demo] DocumentImportExportServiceImpl - Imported CAS with [326] tokens and [19] sentences from file [/export/repository/project/16485/document/61084/source/foodista_blog_2019_08_13_northern-british-columbia_abbreviated.json] (size: 74114 bytes)
2026-03-16 17:01:53 INFO [demo] DocumentServiceImpl - Imported source document [foodista_blog_2019_08_13_northern-british-columbia_abbreviated.json](61084) to project [demo - New entity annotation project](16485)
2026-03-16 17:01:53 INFO [demo] UimaJsonCasReader - Scanning [file:/export/repository/project/16485/document/61085/source/]
2026-03-16 17:01:53 INFO [demo] UimaJsonCasReader - Found [1] resources to be read
2026-03-16 17:01:53 INFO [demo] UimaJsonCasReader - 0 of 1: file:/export/repository/project/16485/document/61085/source/foodista_blog_2019_10_22_lewiston-clarkstons-new-wine-district_abbreviated.json
2026-03-16 17:01:53 INFO [demo] DocumentImportExportServiceImpl - Imported CAS with [535] tokens and [27] sentences from file [/export/repository/project/16485/document/61085/source/foodista_blog_2019_10_22_lewiston-clarkstons-new-wine-district_abbreviated.json] (size: 116335 bytes)
2026-03-16 17:01:53 INFO [demo] DocumentServiceImpl - Imported source document [foodista_blog_2019_10_22_lewiston-clarkstons-new-wine-district_abbreviated.json](61085) to project [demo - New entity annotation project](16485)
2026-03-16 17:01:53 INFO [demo] LineOrientedTextReader - Scanning [file:/export/repository/project/16485/document/61086/source/]
2026-03-16 17:01:53 INFO [demo] LineOrientedTextReader - Found [1] resources to be read
2026-03-16 17:01:53 INFO [demo] LineOrientedTextReader - 0 of 1: file:/export/repository/project/16485/document/61086/source/foodista_blog_2024_09_18_the-schoolhouse-district-of-downtown-woodinville-washington.txt
2026-03-16 17:01:53 INFO [demo] DocumentImportExportServiceImpl - Imported CAS with [1182] tokens and [68] sentences from file [/export/repository/project/16485/document/61086/source/foodista_blog_2024_09_18_the-schoolhouse-district-of-downtown-woodinville-washington.txt] (size: 6581 bytes)
2026-03-16 17:01:53 INFO [demo] DocumentServiceImpl - Imported source document [foodista_blog_2024_09_18_the-schoolhouse-district-of-downtown-woodinville-washington.txt](61086) to project [demo - New entity annotation project](16485)
2026-03-16 17:01:53 INFO [demo] ReindexTask - Re-indexing project [demo - New entity annotation project](16485). This may take a while...
2026-03-16 17:01:53 INFO [demo] ReindexTask - Re-indexing project [demo - New entity annotation project](16485) complete!
2026-03-16 17:06:22 INFO [demo] AnnotationSchemaServiceImpl - Created 8 tags and updated 0 tags in tagset [Named Entity tags](70676) in project [poodel_annotation](16485)
2026-03-16 17:06:22 INFO [demo] AnnotationSchemaServiceImpl - Updated feature [value](174626) in project [poodel_annotation](16485)
2026-03-16 17:07:19 INFO [demo] TextReader - Scanning [file:/export/repository/project/16485/document/61090/source/]
2026-03-16 17:07:19 INFO [demo] TextReader - Found [1] resources to be read
2026-03-16 17:07:19 INFO [demo] TextReader - 0 of 1: file:/export/repository/project/16485/document/61090/source/doc_001_poodle_ru.txt
2026-03-16 17:07:19 INFO [demo] DocumentImportExportServiceImpl - Imported CAS with [94] tokens and [6] sentences from file [/export/repository/project/16485/document/61090/source/doc_001_poodle_ru.txt] (size: 1149 bytes)
2026-03-16 17:07:19 INFO [demo] DocumentServiceImpl - Imported source document [doc_001_poodle_ru.txt](61090) to project [poodel_annotation](16485)
2026-03-16 17:09:55 INFO [demo] AnnotationSchemaServiceImpl - Created tagset [Span labels](70683) in project [poodel_annotation](16485)
2026-03-16 17:09:55 INFO [demo] AnnotationSchemaServiceImpl - Created layer [custom.Span](121688) in project [poodel_annotation](16485)
2026-03-16 17:09:55 INFO [demo] AnnotationSchemaServiceImpl - Created feature [label](174634) in project [poodel_annotation](16485)
2026-03-16 17:09:55 INFO [demo] ReindexTask - Re-indexing project [poodel_annotation](16485). This may take a while...
2026-03-16 17:09:55 INFO [demo] ReindexTask - Re-indexing project [poodel_annotation](16485) complete!
2026-03-16 17:10:46 INFO [demo] DocumentServiceImpl - Created annotation document [demo@doc_001_poodle_ru.txt](27054) in project [poodel_annotation](16485)
2026-03-16 17:10:46 INFO [demo] AnnotationSchemaServiceImpl - Upgraded CAS of user [demo] for document [doc_001_poodle_ru.txt](61090) in project [poodel_annotation](16485)
2026-03-16 17:10:46 INFO [demo] SelectionTask - [demo]: Starting selection triggered by [DocumentOpenedEvent]
2026-03-16 17:10:46 INFO [demo] SelectionTask - [demo][Named entity sequence classifier recommender]: Evaluating...
2026-03-16 17:10:46 INFO [demo] OpenNlpNerRecommender - Training on [21] samples, predicting on [8] of total [29]
2026-03-16 17:10:46 INFO [demo] SelectionTask - [demo][Named entity sequence classifier recommender]: Activated (0.09722222222222222 >= threshold 0.0)
2026-03-16 17:10:46 INFO [demo] SelectionTask - [demo][Named entity string-matching recommender]: Evaluating...
2026-03-16 17:10:46 INFO [demo] StringMatchingRecommender - Training on [21] items, predicting on [8] of total [29].
2026-03-16 17:10:46 INFO [demo] SelectionTask - [demo][Named entity string-matching recommender]: Activated (0.10084033613445377 >= threshold 0.0)
2026-03-16 17:10:46 INFO [demo] SelectionTask - [demo]: Evaluation complete
2026-03-16 17:11:41 INFO [demo] TextReader - Scanning [file:/export/repository/project/16485/document/61097/source/]
2026-03-16 17:11:41 INFO [demo] TextReader - Found [1] resources to be read
2026-03-16 17:11:41 INFO [demo] TextReader - 0 of 1: file:/export/repository/project/16485/document/61097/source/doc_001_poodle.txt
2026-03-16 17:11:41 INFO [demo] DocumentImportExportServiceImpl - Imported CAS with [102] tokens and [5] sentences from file [/export/repository/project/16485/document/61097/source/doc_001_poodle.txt] (size: 547 bytes)
2026-03-16 17:11:41 INFO [demo] DocumentServiceImpl - Imported source document [doc_001_poodle.txt](61097) to project [poodel_annotation](16485)
2026-03-16 17:11:59 INFO [demo] DocumentServiceImpl - Removed source document [doc_001_poodle_ru.txt](61090) from project [poodel_annotation](16485)
2026-03-16 17:12:05 INFO [demo] DocumentServiceImpl - Created annotation document [demo@doc_001_poodle.txt](27055) in project [poodel_annotation](16485)
2026-03-16 17:12:05 INFO [demo] AnnotationSchemaServiceImpl - Upgraded CAS of user [demo] for document [doc_001_poodle.txt](61097) in project [poodel_annotation](16485)
2026-03-16 17:18:04 INFO [demo] AnnotationSchemaServiceImpl - Created feature [BREED](174635) in project [poodel_annotation](16485)
2026-03-16 17:18:04 INFO [demo] ReindexTask - Re-indexing project [poodel_annotation](16485). This may take a while...
2026-03-16 17:18:04 INFO [demo] ReindexTask - Re-indexing project [poodel_annotation](16485) complete!
2026-03-16 17:18:30 INFO [demo] AnnotationSchemaServiceImpl - Updated feature [label](174634) in project [poodel_annotation](16485)
2026-03-16 17:18:30 INFO [demo] ReindexTask - Re-indexing project [poodel_annotation](16485). This may take a while...
2026-03-16 17:18:30 INFO [demo] ReindexTask - Re-indexing project [poodel_annotation](16485) complete!
2026-03-16 17:20:32 INFO [demo] AnnotationSchemaServiceImpl - Created feature [ALLERGEN](174636) in project [poodel_annotation](16485)
2026-03-16 17:20:32 INFO [demo] ReindexTask - Re-indexing project [poodel_annotation](16485). This may take a while...
2026-03-16 17:20:32 INFO [demo] ReindexTask - Re-indexing project [poodel_annotation](16485) complete!
2026-03-16 17:20:47 INFO [demo] AnnotationSchemaServiceImpl - Created feature [ALLERGY_MENTION](174637) in project [poodel_annotation](16485)
2026-03-16 17:20:47 INFO [demo] ReindexTask - Re-indexing project [poodel_annotation](16485). This may take a while...
2026-03-16 17:20:47 INFO [demo] ReindexTask - Re-indexing project [poodel_annotation](16485) complete!
2026-03-16 17:21:58 INFO [demo] AnnotationSchemaServiceImpl - Created tagset [Document labels](70684) in project [poodel_annotation](16485)
2026-03-16 17:21:58 INFO [demo] AnnotationSchemaServiceImpl - Created 3 tags and updated 0 tags in tagset [Document labels](70684) in project [poodel_annotation](16485)
2026-03-16 17:21:58 INFO [demo] AnnotationSchemaServiceImpl - Created layer [custom.DocumentLabel](121689) in project [poodel_annotation](16485)
2026-03-16 17:21:58 INFO [demo] AnnotationSchemaServiceImpl - Created feature [label](174638) in project [poodel_annotation](16485)
2026-03-16 17:21:58 INFO [demo] ReindexTask - Re-indexing project [poodel_annotation](16485). This may take a while...
2026-03-16 17:21:58 INFO [demo] ReindexTask - Re-indexing project [poodel_annotation](16485) complete!
2026-03-16 17:25:55 INFO [demo] AnnotationSchemaServiceImpl - Removed feature [identifier](174627) from project [poodel_annotation](16485)
2026-03-16 17:25:55 INFO [demo] AnnotationSchemaServiceImpl - Removed feature [value](174626) from project [poodel_annotation](16485)
2026-03-16 17:25:55 INFO [demo] AnnotationSchemaServiceImpl - Removed layer [de.tudarmstadt.ukp.dkpro.core.api.ner.type.NamedEntity](121681) from project [poodel_annotation](16485)
2026-03-16 17:25:56 INFO [demo] AnnotationSchemaServiceImpl - Upgraded CAS of user [demo] for document [doc_001_poodle.txt](61097) in project [poodel_annotation](16485)
2026-03-16 17:25:56 INFO [demo] ReindexTask - Re-indexing project [poodel_annotation](16485). This may take a while...
2026-03-16 17:25:56 INFO [demo] ReindexTask - Re-indexing project [poodel_annotation](16485) complete!
2026-03-16 17:29:12 INFO [demo] AnnotationSchemaServiceImpl - Updated tag [yes](822255) in tagset [Document labels](70684) in project [poodel_annotation](16485)
2026-03-16 17:29:16 INFO [demo] AnnotationSchemaServiceImpl - Updated tag [no](822256) in tagset [Document labels](70684) in project [poodel_annotation](16485)
2026-03-16 17:29:23 INFO [demo] AnnotationSchemaServiceImpl - Updated tag [unknown](822257) in tagset [Document labels](70684) in project [poodel_annotation](16485)
2026-03-16 17:29:55 INFO [demo] AnnotationSchemaServiceImpl - Updated feature [label](174638) in project [poodel_annotation](16485)
2026-03-16 17:29:55 INFO [demo] ReindexTask - Re-indexing project [poodel_annotation](16485). This may take a while...
2026-03-16 17:29:55 INFO [demo] ReindexTask - Re-indexing project [poodel_annotation](16485) complete!
2026-03-16 17:30:49 INFO [demo] AnnotationSchemaServiceImpl - Upgraded CAS of user [demo] for document [doc_001_poodle.txt](61097) in project [poodel_annotation](16485)
2026-03-16 17:30:57 INFO [demo] DocumentServiceImpl - Created annotation document [demo@foodista_blog_2019_08_13_northern-british-columbia_abbreviated.json](27056) in project [poodel_annotation](16485)
2026-03-16 17:30:59 INFO [demo] AnnotationSchemaServiceImpl - Upgraded CAS of user [demo] for document [foodista_blog_2019_08_13_northern-british-columbia_abbreviated.json](61084) in project [poodel_annotation](16485)
2026-03-16 17:31:03 INFO [demo] AnnotationSchemaServiceImpl - Upgraded CAS of user [demo] for document [doc_001_poodle.txt](61097) in project [poodel_annotation](16485)
2026-03-16 17:36:30 INFO [demo] AnnotationSchemaServiceImpl - Created layer [de.tudarmstadt.ukp.dkpro.core.api.ner.type.NamedEntity](121690) in project [poodel_annotation](16485)
2026-03-16 17:36:30 INFO [demo] AnnotationSchemaServiceImpl - Created feature [value](174639) in project [poodel_annotation](16485)
2026-03-16 17:36:30 INFO [demo] ReindexTask - Re-indexing project [poodel_annotation](16485). This may take a while...
2026-03-16 17:36:31 INFO [demo] ReindexTask - Re-indexing project [poodel_annotation](16485) complete!
2026-03-16 17:37:05 INFO [demo] AnnotationSchemaServiceImpl - Updated feature [value](174639) in project [poodel_annotation](16485)
2026-03-16 17:37:05 INFO [demo] ReindexTask - Re-indexing project [poodel_annotation](16485). This may take a while...
2026-03-16 17:37:05 INFO [demo] ReindexTask - Re-indexing project [poodel_annotation](16485) complete!
2026-03-16 17:39:02 INFO [demo] AnnotationSchemaServiceImpl - Upgraded CAS of user [demo] for document [foodista_blog_2019_08_13_northern-british-columbia_abbreviated.json](61084) in project [poodel_annotation](16485)
2026-03-16 17:40:31 INFO [demo] AnnotationSchemaServiceImpl - Upgraded CAS of user [demo] for document [foodista_blog_2019_08_13_northern-british-columbia_abbreviated.json](61084) in project [poodel_annotation](16485)
2026-03-16 17:40:34 INFO [demo] AnnotationSchemaServiceImpl - Upgraded CAS of user [demo] for document [doc_001_poodle.txt](61097) in project [poodel_annotation](16485)
2026-03-16 18:34:15 INFO [demo] AnnotationSchemaServiceImpl - Updated layer [custom.Span](121688) in project [poodel_annotation](16485)
2026-03-16 18:34:15 INFO [demo] ReindexTask - Re-indexing project [poodel_annotation](16485). This may take a while...
2026-03-16 18:34:15 INFO [demo] ReindexTask - Re-indexing project [poodel_annotation](16485) complete!
2026-03-16 18:34:29 INFO [demo] AnnotationSchemaServiceImpl - Removed feature [value](174639) from project [poodel_annotation](16485)
2026-03-16 18:34:29 INFO [demo] AnnotationSchemaServiceImpl - Removed layer [de.tudarmstadt.ukp.dkpro.core.api.ner.type.NamedEntity](121690) from project [poodel_annotation](16485)
2026-03-16 18:34:29 INFO [demo] AnnotationSchemaServiceImpl - Upgraded CAS of user [demo] for document [doc_001_poodle.txt](61097) in project [poodel_annotation](16485)
2026-03-16 18:34:29 INFO [demo] AnnotationSchemaServiceImpl - Upgraded CAS of user [demo] for document [foodista_blog_2019_08_13_northern-british-columbia_abbreviated.json](61084) in project [poodel_annotation](16485)
2026-03-16 18:34:29 INFO [demo] ReindexTask - Re-indexing project [poodel_annotation](16485). This may take a while...
2026-03-16 18:34:29 INFO [demo] ReindexTask - Re-indexing project [poodel_annotation](16485) complete!
2026-03-16 18:35:03 INFO [demo] AnnotationSchemaServiceImpl - Upgraded CAS of user [demo] for document [doc_001_poodle.txt](61097) in project [poodel_annotation](16485)
2026-03-16 18:36:26 INFO [demo] AnnotationSchemaServiceImpl - Updated feature [ALLERGEN](174636) in project [poodel_annotation](16485)
2026-03-16 18:36:26 INFO [demo] ReindexTask - Re-indexing project [poodel_annotation](16485). This may take a while...
2026-03-16 18:36:26 INFO [demo] ReindexTask - Re-indexing project [poodel_annotation](16485) complete!
2026-03-16 18:36:33 INFO [demo] AnnotationSchemaServiceImpl - Updated feature [ALLERGY_MENTION](174637) in project [poodel_annotation](16485)
2026-03-16 18:36:33 INFO [demo] ReindexTask - Re-indexing project [poodel_annotation](16485). This may take a while...
2026-03-16 18:36:34 INFO [demo] ReindexTask - Re-indexing project [poodel_annotation](16485) complete!
2026-03-16 18:36:38 INFO [demo] AnnotationSchemaServiceImpl - Updated feature [BREED](174635) in project [poodel_annotation](16485)
2026-03-16 18:36:38 INFO [demo] ReindexTask - Re-indexing project [poodel_annotation](16485). This may take a while...
2026-03-16 18:36:39 INFO [demo] ReindexTask - Re-indexing project [poodel_annotation](16485) complete!
2026-03-16 18:36:45 INFO [demo] AnnotationSchemaServiceImpl - Updated feature [label](174634) in project [poodel_annotation](16485)
2026-03-16 18:36:45 INFO [demo] ReindexTask - Re-indexing project [poodel_annotation](16485). This may take a while...
2026-03-16 18:36:45 INFO [demo] ReindexTask - Re-indexing project [poodel_annotation](16485) complete!
2026-03-16 18:36:52 INFO [demo] AnnotationSchemaServiceImpl - Updated layer [custom.Span](121688) in project [poodel_annotation](16485)
2026-03-16 18:36:52 INFO [demo] ReindexTask - Re-indexing project [poodel_annotation](16485). This may take a while...
2026-03-16 18:36:52 INFO [demo] ReindexTask - Re-indexing project [poodel_annotation](16485) complete!
2026-03-16 18:37:09 INFO [demo] AnnotationSchemaServiceImpl - Upgraded CAS of user [demo] for document [doc_001_poodle.txt](61097) in project [poodel_annotation](16485)
2026-03-16 19:15:32 INFO [demo] AnnotationSchemaServiceImpl - Removed feature [ALLERGEN](174636) from project [poodel_annotation](16485)
2026-03-16 19:15:32 INFO [demo] AnnotationSchemaServiceImpl - Removed feature [ALLERGY_MENTION](174637) from project [poodel_annotation](16485)
2026-03-16 19:15:32 INFO [demo] AnnotationSchemaServiceImpl - Removed feature [BREED](174635) from project [poodel_annotation](16485)
2026-03-16 19:15:32 INFO [demo] AnnotationSchemaServiceImpl - Removed feature [label](174634) from project [poodel_annotation](16485)
2026-03-16 19:15:32 INFO [demo] AnnotationSchemaServiceImpl - Removed layer [custom.Span](121688) from project [poodel_annotation](16485)
2026-03-16 19:15:32 INFO [demo] AnnotationSchemaServiceImpl - Upgraded CAS of user [demo] for document [doc_001_poodle.txt](61097) in project [poodel_annotation](16485)
2026-03-16 19:15:32 INFO [demo] AnnotationSchemaServiceImpl - Upgraded CAS of user [demo] for document [foodista_blog_2019_08_13_northern-british-columbia_abbreviated.json](61084) in project [poodel_annotation](16485)
2026-03-16 19:15:32 INFO [demo] ReindexTask - Re-indexing project [poodel_annotation](16485). This may take a while...
2026-03-16 19:15:32 INFO [demo] ReindexTask - Re-indexing project [poodel_annotation](16485) complete!
2026-03-16 19:15:46 INFO [demo] AnnotationSchemaServiceImpl - Created layer [custom.Span](121691) in project [poodel_annotation](16485)
2026-03-16 19:15:46 INFO [demo] AnnotationSchemaServiceImpl - Created feature [label](174640) in project [poodel_annotation](16485)
2026-03-16 19:15:46 INFO [demo] ReindexTask - Re-indexing project [poodel_annotation](16485). This may take a while...
2026-03-16 19:15:46 INFO [demo] ReindexTask - Re-indexing project [poodel_annotation](16485) complete!
2026-03-16 19:16:43 INFO [demo] AnnotationSchemaServiceImpl - Created tag [Coat](822258) in tagset [Named Entity tags](70676) in project [poodel_annotation](16485)
2026-03-16 19:16:54 INFO [demo] AnnotationSchemaServiceImpl - Created tag [Breed](822259) in tagset [Named Entity tags](70676) in project [poodel_annotation](16485)
2026-03-16 19:17:20 INFO [demo] AnnotationSchemaServiceImpl - Created tag [animal_type](822260) in tagset [Named Entity tags](70676) in project [poodel_annotation](16485)
2026-03-16 19:17:49 INFO [demo] AnnotationSchemaServiceImpl - Updated tag [Animal](822260) in tagset [Named Entity tags](70676) in project [poodel_annotation](16485)
2026-03-16 19:19:01 INFO [demo] AnnotationSchemaServiceImpl - Created tag [Allergen](822261) in tagset [Named Entity tags](70676) in project [poodel_annotation](16485)
2026-03-16 19:19:11 INFO [demo] AnnotationSchemaServiceImpl - Updated tagset [Named Entity tags](70676) in project [poodel_annotation](16485)
2026-03-16 19:19:43 INFO [demo] AnnotationSchemaServiceImpl - Upgraded CAS of user [demo] for document [doc_001_poodle.txt](61097) in project [poodel_annotation](16485)
2026-03-16 19:20:19 INFO [demo] AnnotationSchemaServiceImpl - Updated feature [label](174640) in project [poodel_annotation](16485)
2026-03-16 19:20:19 INFO [demo] ReindexTask - Re-indexing project [poodel_annotation](16485). This may take a while...
2026-03-16 19:20:19 INFO [demo] ReindexTask - Re-indexing project [poodel_annotation](16485) complete!
2026-03-16 19:20:34 INFO [demo] AnnotationSchemaServiceImpl - Upgraded CAS of user [demo] for document [doc_001_poodle.txt](61097) in project [poodel_annotation](16485)
2026-03-16 19:22:02 INFO [demo] AnnotationSchemaServiceImpl - Created tag [Allergy_mention](822262) in tagset [Named Entity tags](70676) in project [poodel_annotation](16485)
2026-03-16 19:23:25 INFO [demo] DocumentImportExportServiceImpl - Exported annotations for [demo]@[doc_001_poodle.txt](61097) in [poodel_annotation](16485) using format [conll2000]
2026-03-16 19:25:23 INFO [demo] DocumentImportExportServiceImpl - Exported annotations for [demo]@[doc_001_poodle.txt](61097) in [poodel_annotation](16485) using format [conllu]
2026-03-16 19:27:15 INFO [demo] DocumentImportExportServiceImpl - Exported annotations for [demo]@[doc_001_poodle.txt](61097) in [poodel_annotation](16485) using format [text]
2026-03-17 08:56:18 INFO [demo] AnnotationSchemaServiceImpl - Upgraded CAS of user [demo] for document [foodista_blog_2019_08_13_northern-british-columbia_abbreviated.json](61084) in project [poodel_annotation](16485)
2026-03-17 12:00:21 INFO [demo] AnnotationSchemaServiceImpl - Upgraded CAS of user [demo] for document [doc_001_poodle.txt](61097) in project [poodel_annotation](16485)
2026-03-17 12:59:16 INFO [demo] DocumentServiceImpl - Removed source document [foodista_blog_2019_08_13_northern-british-columbia_abbreviated.json](61084) from project [poodel_annotation](16485)
2026-03-17 12:59:20 INFO [demo] DocumentServiceImpl - Removed source document [foodista_blog_2019_10_22_lewiston-clarkstons-new-wine-district_abbreviated.json](61085) from project [poodel_annotation](16485)
2026-03-17 12:59:28 INFO [demo] DocumentServiceImpl - Removed source document [foodista_blog_2024_09_18_the-schoolhouse-district-of-downtown-woodinville-washington.txt](61086) from project [poodel_annotation](16485)
2026-03-17 13:00:24 INFO [demo] AnnotationSchemaServiceImpl - Upgraded CAS of user [demo] for document [doc_001_poodle.txt](61097) in project [poodel_annotation](16485)
2026-03-17 13:00:38 INFO [demo] DocumentImportExportServiceImpl - Exported annotations for [demo]@[doc_001_poodle.txt](61097) in [poodel_annotation](16485) using format [conllu]
2026-03-17 13:08:21 INFO [demo] ProjectPermissionsExporter - Exported [3] permissions for project [poodel_annotation]
2026-03-17 13:08:21 INFO [demo] DocumentRepositoryExporter - Exported [0] document repositories for project [poodel_annotation]
2026-03-17 13:08:21 INFO [demo] KnowledgeBaseExporter - Exported [0] knowledge bases for project [poodel_annotation]
2026-03-17 13:08:21 INFO [demo] CurationWorkflowExporter - Exported curation workflow settings for project [poodel_annotation](16485)
2026-03-17 13:08:21 INFO [demo] LayerExporter - Exported [3] layers for project [poodel_annotation]
2026-03-17 13:08:21 INFO [demo] TagSetExporter - Exported [4] tagsets for project [poodel_annotation]
2026-03-17 13:08:21 INFO [demo] SourceDocumentExporter - Exported content for source document 1/1: [doc_001_poodle.txt](61097) in [poodel_annotation](16485)
2026-03-17 13:11:54 INFO [demo] DocumentServiceImpl - Created annotation document [demo@doc_001_poodle.txt](27064) in project [poodel_annotation](16505)
2026-03-17 13:11:54 INFO [demo] AnnotationSchemaServiceImpl - Created layer [custom.DocumentLabel](121737) in project [poodel_annotation](16505)
2026-03-17 13:11:54 INFO [demo] AnnotationSchemaServiceImpl - Created feature [label](174683) in project [poodel_annotation](16505)
2026-03-17 13:11:54 INFO [demo] AnnotationSchemaServiceImpl - Created layer [custom.Span](121738) in project [poodel_annotation](16505)
2026-03-17 13:11:54 INFO [demo] AnnotationSchemaServiceImpl - Created feature [label](174684) in project [poodel_annotation](16505)
2026-03-17 13:11:54 INFO [demo] AnnotationSchemaServiceImpl - Created layer [de.tudarmstadt.ukp.dkpro.core.api.segmentation.type.Token](121739) in project [poodel_annotation](16505)
2026-03-17 13:12:18 INFO [demo] TextReader - Scanning [file:/export/repository/project/16505/document/61117/source/]
2026-03-17 13:12:18 INFO [demo] TextReader - Found [1] resources to be read
2026-03-17 13:12:18 INFO [demo] TextReader - 0 of 1: file:/export/repository/project/16505/document/61117/source/doc_002_golden_retriever.txt
2026-03-17 13:12:18 INFO [demo] DocumentImportExportServiceImpl - Imported CAS with [108] tokens and [6] sentences from file [/export/repository/project/16505/document/61117/source/doc_002_golden_retriever.txt] (size: 622 bytes)
2026-03-17 13:12:18 INFO [demo] DocumentServiceImpl - Imported source document [doc_002_golden_retriever.txt](61117) to project [golden_annotation](16505)
2026-03-17 13:12:18 INFO [demo] ReindexTask - Re-indexing project [golden_annotation](16505). This may take a while...
2026-03-17 13:12:18 INFO [demo] ReindexTask - Re-indexing project [golden_annotation](16505) complete!
2026-03-17 13:12:25 INFO [demo] DocumentServiceImpl - Removed source document [doc_001_poodle.txt](61116) from project [golden_annotation](16505)
2026-03-17 13:14:08 INFO [demo] DocumentServiceImpl - Created annotation document [demo@doc_002_golden_retriever.txt](27065) in project [golden_annotation](16505)
2026-03-17 13:14:08 INFO [demo] AnnotationSchemaServiceImpl - Upgraded CAS of user [demo] for document [doc_002_golden_retriever.txt](61117) in project [golden_annotation](16505)
2026-03-17 13:18:32 INFO [demo] ProjectPermissionsExporter - Exported [3] permissions for project [golden_annotation]
2026-03-17 13:18:32 INFO [demo] DocumentRepositoryExporter - Exported [0] document repositories for project [golden_annotation]
2026-03-17 13:18:32 INFO [demo] KnowledgeBaseExporter - Exported [0] knowledge bases for project [golden_annotation]
2026-03-17 13:18:32 INFO [demo] CurationWorkflowExporter - Exported curation workflow settings for project [golden_annotation](16505)
2026-03-17 13:18:32 INFO [demo] LayerExporter - Exported [3] layers for project [golden_annotation]
2026-03-17 13:18:32 INFO [demo] TagSetExporter - Exported [4] tagsets for project [golden_annotation]
2026-03-17 13:18:32 INFO [demo] SourceDocumentExporter - Exported content for source document 1/1: [doc_002_golden_retriever.txt](61117) in [golden_annotation](16505)
2026-03-17 13:37:29 INFO [demo] DocumentServiceImpl - Created annotation document [demo@doc_002_golden_retriever.txt](27070) in project [golden_annotation](16508)
2026-03-17 13:37:29 INFO [demo] AnnotationSchemaServiceImpl - Created layer [custom.DocumentLabel](121746) in project [golden_annotation](16508)
2026-03-17 13:37:29 INFO [demo] AnnotationSchemaServiceImpl - Created feature [label](174689) in project [golden_annotation](16508)
2026-03-17 13:37:29 INFO [demo] AnnotationSchemaServiceImpl - Created layer [custom.Span](121747) in project [golden_annotation](16508)
2026-03-17 13:37:29 INFO [demo] AnnotationSchemaServiceImpl - Created feature [label](174690) in project [golden_annotation](16508)
2026-03-17 13:37:29 INFO [demo] AnnotationSchemaServiceImpl - Created layer [de.tudarmstadt.ukp.dkpro.core.api.segmentation.type.Token](121748) in project [golden_annotation](16508)
2026-03-17 13:38:17 INFO [demo] TextReader - Scanning [file:/export/repository/project/16508/document/61123/source/]
2026-03-17 13:38:17 INFO [demo] TextReader - Found [1] resources to be read
2026-03-17 13:38:17 INFO [demo] TextReader - 0 of 1: file:/export/repository/project/16508/document/61123/source/doc_005_british_shorthair_en.txt
2026-03-17 13:38:17 INFO [demo] DocumentImportExportServiceImpl - Imported CAS with [104] tokens and [5] sentences from file [/export/repository/project/16508/document/61123/source/doc_005_british_shorthair_en.txt] (size: 571 bytes)
2026-03-17 13:38:17 INFO [demo] DocumentServiceImpl - Imported source document [doc_005_british_shorthair_en.txt](61123) to project [british_shorthair_annotation](16508)
2026-03-17 13:38:17 INFO [demo] ReindexTask - Re-indexing project [british_shorthair_annotation](16508). This may take a while...
2026-03-17 13:38:17 INFO [demo] ReindexTask - Re-indexing project [british_shorthair_annotation](16508) complete!
2026-03-17 13:38:25 INFO [demo] DocumentServiceImpl - Removed source document [doc_002_golden_retriever.txt](61122) from project [british_shorthair_annotation](16508)
2026-03-17 13:38:43 INFO [demo] DocumentServiceImpl - Created annotation document [demo@doc_005_british_shorthair_en.txt](27071) in project [british_shorthair_annotation](16508)
2026-03-17 13:38:43 INFO [demo] AnnotationSchemaServiceImpl - Upgraded CAS of user [demo] for document [doc_005_british_shorthair_en.txt](61123) in project [british_shorthair_annotation](16508)
2026-03-17 13:42:23 INFO [demo] ProjectPermissionsExporter - Exported [3] permissions for project [british_shorthair_annotation]
2026-03-17 13:42:23 INFO [demo] DocumentRepositoryExporter - Exported [0] document repositories for project [british_shorthair_annotation]
2026-03-17 13:42:23 INFO [demo] KnowledgeBaseExporter - Exported [0] knowledge bases for project [british_shorthair_annotation]
2026-03-17 13:42:23 INFO [demo] CurationWorkflowExporter - Exported curation workflow settings for project [british_shorthair_annotation](16508)
2026-03-17 13:42:23 INFO [demo] LayerExporter - Exported [3] layers for project [british_shorthair_annotation]
2026-03-17 13:42:23 INFO [demo] TagSetExporter - Exported [4] tagsets for project [british_shorthair_annotation]
2026-03-17 13:42:23 INFO [demo] SourceDocumentExporter - Exported content for source document 1/1: [doc_005_british_shorthair_en.txt](61123) in [british_shorthair_annotation](16508)
